This is pdfeTeX, Version 3.141592-1.11b-2.1 (MiKTeX 2.4) (preloaded format=latex 2000.11.28)  5 MAR 2004 02:37
entering extended mode
**refmantitlepage.tex
(refmantitlepage.tex{pdftex.cfg}
LaTeX2e <2001/06/01>
Babel <v3.7m> and hyphenation patterns for english, french, german, ngerman, du
mylang, nohyphenation, loaded.
(C:\texmf\tex\latex\base\report.cls
Document Class: report 2001/04/21 v1.4e Standard LaTeX document class
(C:\texmf\tex\latex\base\size10.clo
File: size10.clo 2001/04/21 v1.4e Standard LaTeX file (size option)
)
\c@part=\count79
\c@chapter=\count80
\c@section=\count81
\c@subsection=\count82
\c@subsubsection=\count83
\c@paragraph=\count84
\c@subparagraph=\count85
\c@figure=\count86
\c@table=\count87
\abovecaptionskip=\skip41
\belowcaptionskip=\skip42
\bibindent=\dimen102
) (C:\texmf\tex\latex\graphics\graphicx.sty
Package: graphicx 1999/02/16 v1.0f Enhanced LaTeX Graphics (DPC,SPQR)
(C:\texmf\tex\latex\graphics\keyval.sty
Package: keyval 1999/03/16 v1.13 key=value parser (DPC)
\KV@toks@=\toks14
)
(C:\texmf\tex\latex\graphics\graphics.sty
Package: graphics 2001/07/07 v1.0n Standard LaTeX Graphics (DPC,SPQR)
 (C:\texmf\tex\latex\graphics\trig.sty
Package: trig 1999/03/16 v1.09 sin cos tan (DPC)
) (C:\texmf\tex\latex\00miktex\graphics.cfg
File: graphics.cfg 2003/03/12 v1.1 MiKTeX 'graphics' configuration
)
Package graphics Info: Driver file: pdftex.def on input line 80.

(C:\texmf\tex\latex\graphics\pdftex.def
File: pdftex.def 2002/06/19 v0.03k graphics/color for pdftex
\Gread@gobject=\count88
))
\Gin@req@height=\dimen103
\Gin@req@width=\dimen104
) (refmantitlepage.aux)
LaTeX Font Info:    Checking defaults for OML/cmm/m/it on input line 5.
LaTeX Font Info:    ... okay on input line 5.
LaTeX Font Info:    Checking defaults for T1/cmr/m/n on input line 5.
LaTeX Font Info:    ... okay on input line 5.
LaTeX Font Info:    Checking defaults for OT1/cmr/m/n on input line 5.
LaTeX Font Info:    ... okay on input line 5.
LaTeX Font Info:    Checking defaults for OMS/cmsy/m/n on input line 5.
LaTeX Font Info:    ... okay on input line 5.
LaTeX Font Info:    Checking defaults for OMX/cmex/m/n on input line 5.
LaTeX Font Info:    ... okay on input line 5.
LaTeX Font Info:    Checking defaults for U/cmr/m/n on input line 5.
LaTeX Font Info:    ... okay on input line 5.

(C:\texmf\tex\context\base\supp-pdf.tex (C:\texmf\tex\context\base\supp-mis.tex
loading : Context Support Macros / Missing
\protectiondepth=\count89
\scratchcounter=\count90
\scratchtoks=\toks15
\scratchdimen=\dimen105
\scratchskip=\skip43
\scratchmuskip=\muskip10
\scratchbox=\box26
\scratchread=\read1
\scratchwrite=\write3
\zeropoint=\dimen106
\minusone=\count91
\thousandpoint=\dimen107
\emptytoks=\toks16
\nextbox=\box27
\nextdepth=\dimen108
\everyline=\toks17
\!!counta=\count92
\!!countb=\count93
\recursecounter=\count94
)
loading : Context Support Macros / PDF
\nofMPsegments=\count95
\nofMParguments=\count96
\everyMPtoPDFconversion=\toks18
) <aslogic_smaller.png, id=1, 200.75pt x 202.7575pt>
File: aslogic_smaller.png Graphic file (type png)
 <use aslogic_smaller.png>
[1

{psfonts.map} <aslogic_smaller.png>] (refmantitlepage.aux) ) 
Here is how much of TeX's memory you used:
 920 strings out of 95518
 10354 string characters out of 1189726
 56408 words of memory out of 1060471
 4015 multiletter control sequences out of 35000
 4237 words of font info for 16 fonts, out of 500000 for 1000
 14 hyphenation exceptions out of 607
 25i,4n,19p,210b,188s stack positions out of 1500i,500n,5000p,200000b,32768s
 11 PDF objects out of 65536
 0 named destinations out of 20000
 6 words of extra memory for PDF output out of 65536
<cmr12.pfb><cmr17.p
fb>
Output written on refmantitlepage.pdf (1 page, 21180 bytes).
