This is pdfeTeX, Version 3.141592-1.11b-2.1 (MiKTeX 2.4) (preloaded format=latex 2000.11.28)  1 MAR 2004 04:21
entering extended mode
**DatabaseDesign.tex
(DatabaseDesign.tex{pdftex.cfg}
LaTeX2e <2001/06/01>
Babel <v3.7m> and hyphenation patterns for english, french, german, ngerman, du
mylang, nohyphenation, loaded.
(C:\texmf\tex\latex\base\article.cls
Document Class: article 2001/04/21 v1.4e Standard LaTeX document class
(C:\texmf\tex\latex\base\size10.clo
File: size10.clo 2001/04/21 v1.4e Standard LaTeX file (size option)
)
\c@part=\count79
\c@section=\count80
\c@subsection=\count81
\c@subsubsection=\count82
\c@paragraph=\count83
\c@subparagraph=\count84
\c@figure=\count85
\c@table=\count86
\abovecaptionskip=\skip41
\belowcaptionskip=\skip42
\bibindent=\dimen102
)

! LaTeX Error: File `pdfpages.sty' not found.

Type X to quit or <RETURN> to proceed,
or enter new name. (Default extension: sty)

Enter file name: x

 )
(\end occurred when \ifx on line 4 was incomplete)
(\end occurred when \ifx on line 4 was incomplete) 
Here is how much of TeX's memory you used:
 206 strings out of 95518
 1998 string characters out of 1189726
 45721 words of memory out of 1049784
 3362 multiletter control sequences out of 35000
 3640 words of font info for 14 fonts, out of 500000 for 1000
 14 hyphenation exceptions out of 607
 23i,1n,17p,122b,36s stack positions out of 1500i,500n,5000p,200000b,32768s
 0 PDF objects out of 65536
 0 named destinations out of 20000
 1 words of extra memory for PDF output out of 65536

No pages of output.
